SF:lib/src/features/board/entities/board.dart
DA:26,6
DA:50,1
DA:51,3
DA:54,1
DA:58,0
DA:59,0
DA:61,1
DA:63,3
LF:8
LH:6
end_of_record
SF:lib/src/features/captcha/entities/captcha_challenge.dart
DA:11,0
LF:1
LH:0
end_of_record
SF:lib/src/features/post/entities/post.dart
DA:34,1
DA:64,1
DA:65,1
DA:66,2
DA:67,1
DA:69,2
DA:70,4
DA:73,2
DA:75,1
DA:81,1
DA:82,1
DA:84,2
DA:85,4
DA:86,1
DA:88,7
DA:89,1
DA:92,1
DA:93,1
DA:95,2
DA:96,4
DA:97,1
DA:98,1
DA:101,1
DA:102,1
DA:103,4
DA:107,1
DA:108,1
DA:109,3
DA:113,1
DA:114,2
DA:117,1
DA:118,2
DA:121,1
DA:122,1
DA:125,1
DA:126,1
DA:127,3
DA:131,0
DA:133,0
DA:136,0
DA:137,0
DA:141,0
DA:142,0
DA:145,1
DA:146,2
DA:150,4
LF:46
LH:40
end_of_record
SF:lib/src/features/release/entities/release.dart
DA:8,0
LF:1
LH:0
end_of_record
SF:lib/src/features/setting/entities/setting.dart
DA:4,4
DA:13,1
DA:19,0
DA:20,0
DA:24,1
DA:25,4
LF:6
LH:4
end_of_record
SF:lib/src/features/sort/entities/sort.dart
DA:1,4
DA:12,4
DA:14,1
LF:3
LH:3
end_of_record
